<?xml version="1.0" encoding="UTF-8" standalone="no"?>
<testsuite failures="0" name="cucumber.runtime.formatter.JUnitFormatter" skipped="0" tests="1" time="75.720871">
    <testcase classname="Download App From PlayStore and AppStore" name="User able to Download the App from Appstore" time="75.720871">
        <system-out><![CDATA[Given User on the Home Page.................................................passed
Then User clicks on the Appstore icon and New window should be open, User will download the app from Appstore.passed
]]></system-out>
    </testcase>
</testsuite>
