<?xml version="1.0" encoding="UTF-8"?>
<!-- Generated by org.testng.reporters.JUnitXMLReporter -->
<testsuite ignored="0" hostname="DESKTOP-IUDNIR4" failures="0" tests="14" name="Default test" time="110.725" errors="0" timestamp="2021-05-08T23:45:25 IST">
  <testcase classname="stepDefinition.PaymentPageSD" name="user_on_the_Home_page" time="33.843"/>
  <testcase classname="stepDefinition.PaymentPageSD" name="user_clicks_Cart_button" time="27.944"/>
  <testcase classname="stepDefinition.PaymentPageSD" name="user_clicks_on_Pay_button" time="31.418"/>
  <testcase classname="stepDefinition.PaymentPageSD" name="payment_Page_must_be_visible" time="8.042"/>
  <testcase classname="stepDefinition.PaymentPageSD" name="user_clicks_on_the_Wallets" time="3.145"/>
  <testcase classname="stepDefinition.PaymentPageSD" name="user_should_be_able_to_pay_using_one_of_the_Wallets" time="0.263"/>
  <testcase classname="stepDefinition.PaymentPageSD" name="user_clicks_on_the_Food_Card" time="0.098"/>
  <testcase classname="stepDefinition.PaymentPageSD" name="user_should_be_able_to_pay_using_Card" time="0.075"/>
  <testcase classname="stepDefinition.PaymentPageSD" name="user_clicks_on_the_Credit_or_Debit_Cards" time="0.095"/>
  <testcase classname="stepDefinition.PaymentPageSD" name="user_Should_be_able_to_pay_using_Credit_or_Debit_Cards_after_entering_the_card_details" time="0.072"/>
  <testcase classname="stepDefinition.PaymentPageSD" name="user_clicks_on_the_Net_Banking" time="0.098"/>
  <testcase classname="stepDefinition.PaymentPageSD" name="user_selects_the_bank_by_which_user_want_to_pay_amount" time="0.223"/>
  <testcase classname="stepDefinition.PaymentPageSD" name="user_clicks_on_the_more" time="1.095"/>
  <testcase classname="stepDefinition.PaymentPageSD" name="user_clicks_on_the_Cash_On_Delivery_Option_and_will_place_the_order" time="4.225"/>
</testsuite> <!-- Default test -->
